#
# There is insufficient memory for the Java Runtime Environment to continue.
# Native memory allocation (malloc) failed to allocate 32744 bytes for ChunkPool::allocate
# Possible reasons:
#   The system is out of physical RAM or swap space
#   The process is running with CompressedOops enabled, and the Java Heap may be blocking the growth of the native heap
# Possible solutions:
#   Reduce memory load on the system
#   Increase physical memory or swap space
#   Check if swap backing store is full
#   Decrease Java heap size (-Xmx/-Xms)
#   Decrease number of Java threads
#   Decrease Java thread stack sizes (-Xss)
#   Set larger code cache with -XX:ReservedCodeCacheSize=
#   JVM is running with Zero Based Compressed Oops mode in which the Java heap is
#     placed in the first 32GB address space. The Java Heap base address is the
#     maximum limit for the native heap growth. Please use -XX:HeapBaseMinAddress
#     to set the Java Heap base and to place the Java Heap above 32GB virtual address.
# This output file may be truncated or incomplete.
#
#  Out of Memory Error (allocation.cpp:272), pid=11772, tid=0x0000000000002750
#
# JRE version: Java(TM) SE Runtime Environment (8.0_221-b11) (build 1.8.0_221-b11)
# Java VM: Java HotSpot(TM) 64-Bit Server VM (25.221-b11 mixed mode windows-amd64 compressed oops)
# Failed to write core dump. Minidumps are not enabled by default on client versions of Windows
#

---------------  T H R E A D  ---------------

Current thread (0x000000001e871800):  JavaThread "C2 CompilerThread1" daemon [_thread_in_native, id=10064, stack(0x000000001f240000,0x000000001f340000)]

Stack: [0x000000001f240000,0x000000001f340000]
[error occurred during error reporting (printing stack bounds), id 0xc0000005]

Native frames: (J=compiled Java code, j=interpreted, Vv=VM code, C=native code)


Current CompileTask:
C2:   5898 4231       4       org.springframework.core.annotation.TypeMappedAnnotations$MergedAnnotationFinder::doWithAnnotations (10 bytes)


---------------  P R O C E S S  ---------------

Java Threads: ( => current thread )
  0x00000000240ef000 JavaThread "ForkJoinPool.commonPool-worker-1" daemon [_thread_blocked, id=13640, stack(0x0000000027db0000,0x0000000027eb0000)]
  0x00000000240e9800 JavaThread "reactor-http-nio-4" daemon [_thread_in_native, id=12264, stack(0x0000000027ab0000,0x0000000027bb0000)]
  0x00000000221cb800 JavaThread "reactor-http-nio-3" daemon [_thread_in_native, id=6112, stack(0x0000000021170000,0x0000000021270000)]
  0x00000000221d1800 JavaThread "reactor-http-nio-2" daemon [_thread_in_native, id=6168, stack(0x0000000021070000,0x0000000021170000)]
  0x00000000221d2800 JavaThread "DestroyJavaVM" [_thread_blocked, id=6400, stack(0x0000000002df0000,0x0000000002ef0000)]
  0x00000000221d1000 JavaThread "server" [_thread_blocked, id=9096, stack(0x00000000277b0000,0x00000000278b0000)]
  0x00000000221ce800 JavaThread "reactor-http-nio-1" daemon [_thread_in_native, id=18812, stack(0x00000000275b0000,0x00000000276b0000)]
  0x00000000221cd000 JavaThread "Live Reload Server" daemon [_thread_in_native, id=5912, stack(0x00000000276b0000,0x00000000277b0000)]
  0x00000000221d0000 JavaThread "File Watcher" daemon [_thread_blocked, id=9440, stack(0x0000000024930000,0x0000000024a30000)]
  0x00000000221cc800 JavaThread "boundedElastic-evictor-1" daemon [_thread_blocked, id=17624, stack(0x00000000237b0000,0x00000000238b0000)]
  0x00000000221ce000 JavaThread "Statistics Thread-__DEFAULT__-1" daemon [_thread_blocked, id=17764, stack(0x0000000022e80000,0x0000000022f80000)]
  0x00000000221cf800 JavaThread "__DEFAULT__" daemon [_thread_blocked, id=16676, stack(0x00000000219b0000,0x0000000021ab0000)]
  0x000000001e909000 JavaThread "Service Thread" daemon [_thread_blocked, id=8944, stack(0x000000001f540000,0x000000001f640000)]
  0x000000001e878000 JavaThread "C1 CompilerThread3" daemon [_thread_blocked, id=16948, stack(0x000000001f440000,0x000000001f540000)]
  0x000000001ca6e800 JavaThread "C2 CompilerThread2" daemon [_thread_in_native, id=1588, stack(0x000000001f340000,0x000000001f440000)]
=>0x000000001e871800 JavaThread "C2 CompilerThread1" daemon [_thread_in_native, id=10064, stack(0x000000001f240000,0x000000001f340000)]
  0x000000001e86f800 JavaThread "C2 CompilerThread0" daemon [_thread_in_native, id=12356, stack(0x000000001f140000,0x000000001f240000)]
  0x000000001e86d000 JavaThread "Attach Listener" daemon [_thread_blocked, id=12680, stack(0x000000001f040000,0x000000001f140000)]
  0x000000001e86c000 JavaThread "Signal Dispatcher" daemon [_thread_blocked, id=4368, stack(0x000000001ef40000,0x000000001f040000)]
  0x000000001e851000 JavaThread "Finalizer" daemon [_thread_blocked, id=14252, stack(0x000000001ed30000,0x000000001ee30000)]
  0x000000001e850800 JavaThread "Reference Handler" daemon [_thread_blocked, id=8080, stack(0x000000001ec30000,0x000000001ed30000)]

Other Threads:
  0x000000001ca55800 VMThread [stack: 0x000000001e730000,0x000000001e830000] [id=10184]
  0x000000001e8cb000 WatcherThread [stack: 0x000000001f640000,0x000000001f740000] [id=12416]

VM state:not at safepoint (normal execution)

VM Mutex/Monitor currently owned by a thread: None

heap address: 0x00000006c1c00000, size: 4068 MB, Compressed Oops mode: Zero based, Oop shift amount: 3
Narrow klass base: 0x0000000000000000, Narrow klass shift: 3
Compressed class space size: 1073741824 Address: 0x00000007c0000000

Heap:
 PSYoungGen      total 223232K, used 20580K [0x000000076b400000, 0x000000077a680000, 0x00000007c0000000)
  eden space 205312K, 1% used [0x000000076b400000,0x000000076b6a5fe8,0x0000000777c80000)
  from space 17920K, 99% used [0x0000000779500000,0x000000077a6732a0,0x000000077a680000)
  to   space 20480K, 0% used [0x0000000777e80000,0x0000000777e80000,0x0000000779280000)
 ParOldGen       total 166400K, used 19374K [0x00000006c1c00000, 0x00000006cbe80000, 0x000000076b400000)
  object space 166400K, 11% used [0x00000006c1c00000,0x00000006c2eebb30,0x00000006cbe80000)
 Metaspace       used 44225K, capacity 46892K, committed 46976K, reserved 1089536K
  class space    used 5941K, capacity 6470K, committed 6528K, reserved 1048576K

Card table byte_map: [0x00000000123b0000,0x0000000012bb0000] byte_map_base: 0x000000000eda2000

Marking Bits: (ParMarkBitMap*) 0x0000000075875ce0
 Begin Bits: [0x0000000013900000, 0x0000000017890000)
 End Bits:   [0x0000000017890000, 0x000000001b820000)

Polling page: 0x0000000002d40000

CodeCache: size=245760Kb used=13099Kb max_used=14665Kb free=232660Kb
 bounds [0x0000000002ff0000, 0x0000000003e50000, 0x0000000011ff0000]
 total_blobs=4295 nmethods=3789 adapters=418
 compilation: enabled

Compilation events (10 events):
Event: 5.849 Thread 0x000000001e878000 4367       3       io.netty.util.internal.PlatformDependent::putByte (7 bytes)
Event: 5.849 Thread 0x000000001e878000 nmethod 4367 0x0000000003455490 code [0x00000000034555e0, 0x0000000003455770]
Event: 5.849 Thread 0x000000001e878000 4368       3       io.netty.util.internal.PlatformDependent0::putByte (10 bytes)
Event: 5.849 Thread 0x000000001e878000 nmethod 4368 0x0000000003899b90 code [0x0000000003899ce0, 0x0000000003899e10]
Event: 5.849 Thread 0x000000001e878000 4370       1       io.netty.buffer.AbstractByteBuf::writerIndex (5 bytes)
Event: 5.849 Thread 0x000000001e878000 nmethod 4370 0x0000000003807510 code [0x0000000003807660, 0x0000000003807770]
Event: 5.849 Thread 0x000000001e878000 4371       3       io.netty.util.internal.PlatformDependent::getInt (6 bytes)
Event: 5.850 Thread 0x000000001e878000 nmethod 4371 0x0000000003807190 code [0x00000000038072e0, 0x0000000003807470]
Event: 5.850 Thread 0x000000001e878000 4372       3       io.netty.util.internal.PlatformDependent0::getInt (9 bytes)
Event: 5.850 Thread 0x000000001e878000 nmethod 4372 0x0000000003806e90 code [0x0000000003806fe0, 0x0000000003807110]

GC Heap History (10 events):
Event: 3.060 GC heap before
{Heap before GC invocations=6 (full 1):
 PSYoungGen      total 102912K, used 30687K [0x000000076b400000, 0x0000000772500000, 0x00000007c0000000)
  eden space 93184K, 22% used [0x000000076b400000,0x000000076c8e1d80,0x0000000770f00000)
  from space 9728K, 95% used [0x0000000771b80000,0x0000000772495fd0,0x0000000772500000)
  to   space 10752K, 0% used [0x0000000771000000,0x0000000771000000,0x0000000771a80000)
 ParOldGen       total 109568K, used 10632K [0x00000006c1c00000, 0x00000006c8700000, 0x000000076b400000)
  object space 109568K, 9% used [0x00000006c1c00000,0x00000006c26623b8,0x00000006c8700000)
 Metaspace       used 33731K, capacity 35376K, committed 35496K, reserved 1079296K
  class space    used 4468K, capacity 4808K, committed 4864K, reserved 1048576K
Event: 3.067 GC heap after
Heap after GC invocations=6 (full 1):
 PSYoungGen      total 104960K, used 7396K [0x000000076b400000, 0x0000000775280000, 0x00000007c0000000)
  eden space 94208K, 0% used [0x000000076b400000,0x000000076b400000,0x0000000771000000)
  from space 10752K, 68% used [0x0000000771000000,0x0000000771739368,0x0000000771a80000)
  to   space 11776K, 0% used [0x0000000774700000,0x0000000774700000,0x0000000775280000)
 ParOldGen       total 109568K, used 10640K [0x00000006c1c00000, 0x00000006c8700000, 0x000000076b400000)
  object space 109568K, 9% used [0x00000006c1c00000,0x00000006c26643b8,0x00000006c8700000)
 Metaspace       used 33731K, capacity 35376K, committed 35496K, reserved 1079296K
  class space    used 4468K, capacity 4808K, committed 4864K, reserved 1048576K
}
Event: 3.067 GC heap before
{Heap before GC invocations=7 (full 2):
 PSYoungGen      total 104960K, used 7396K [0x000000076b400000, 0x0000000775280000, 0x00000007c0000000)
  eden space 94208K, 0% used [0x000000076b400000,0x000000076b400000,0x0000000771000000)
  from space 10752K, 68% used [0x0000000771000000,0x0000000771739368,0x0000000771a80000)
  to   space 11776K, 0% used [0x0000000774700000,0x0000000774700000,0x0000000775280000)
 ParOldGen       total 109568K, used 10640K [0x00000006c1c00000, 0x00000006c8700000, 0x000000076b400000)
  object space 109568K, 9% used [0x00000006c1c00000,0x00000006c26643b8,0x00000006c8700000)
 Metaspace       used 33731K, capacity 35376K, committed 35496K, reserved 1079296K
  class space    used 4468K, capacity 4808K, committed 4864K, reserved 1048576K
Event: 3.115 GC heap after
Heap after GC invocations=7 (full 2):
 PSYoungGen      total 104960K, used 0K [0x000000076b400000, 0x0000000775280000, 0x00000007c0000000)
  eden space 94208K, 0% used [0x000000076b400000,0x000000076b400000,0x0000000771000000)
  from space 10752K, 0% used [0x0000000771000000,0x0000000771000000,0x0000000771a80000)
  to   space 11776K, 0% used [0x0000000774700000,0x0000000774700000,0x0000000775280000)
 ParOldGen       total 166400K, used 12504K [0x00000006c1c00000, 0x00000006cbe80000, 0x000000076b400000)
  object space 166400K, 7% used [0x00000006c1c00000,0x00000006c28362f8,0x00000006cbe80000)
 Metaspace       used 33727K, capacity 35370K, committed 35496K, reserved 1079296K
  class space    used 4468K, capacity 4807K, committed 4864K, reserved 1048576K
}
Event: 3.484 GC heap before
{Heap before GC invocations=8 (full 2):
 PSYoungGen      total 104960K, used 94208K [0x000000076b400000, 0x0000000775280000, 0x00000007c0000000)
  eden space 94208K, 100% used [0x000000076b400000,0x0000000771000000,0x0000000771000000)
  from space 10752K, 0% used [0x0000000771000000,0x0000000771000000,0x0000000771a80000)
  to   space 11776K, 0% used [0x0000000774700000,0x0000000774700000,0x0000000775280000)
 ParOldGen       total 166400K, used 12504K [0x00000006c1c00000, 0x00000006cbe80000, 0x000000076b400000)
  object space 166400K, 7% used [0x00000006c1c00000,0x00000006c28362f8,0x00000006cbe80000)
 Metaspace       used 36195K, capacity 38022K, committed 38272K, reserved 1083392K
  class space    used 4757K, capacity 5125K, committed 5248K, reserved 1048576K
Event: 3.497 GC heap after
Heap after GC invocations=8 (full 2):
 PSYoungGen      total 145408K, used 11764K [0x000000076b400000, 0x0000000775d00000, 0x00000007c0000000)
  eden space 133632K, 0% used [0x000000076b400000,0x000000076b400000,0x0000000773680000)
  from space 11776K, 99% used [0x0000000774700000,0x000000077527d030,0x0000000775280000)
  to   space 16896K, 0% used [0x0000000773680000,0x0000000773680000,0x0000000774700000)
 ParOldGen       total 166400K, used 19358K [0x00000006c1c00000, 0x00000006cbe80000, 0x000000076b400000)
  object space 166400K, 11% used [0x00000006c1c00000,0x00000006c2ee7b30,0x00000006cbe80000)
 Metaspace       used 36195K, capacity 38022K, committed 38272K, reserved 1083392K
  class space    used 4757K, capacity 5125K, committed 5248K, reserved 1048576K
}
Event: 3.625 GC heap before
{Heap before GC invocations=9 (full 2):
 PSYoungGen      total 145408K, used 145396K [0x000000076b400000, 0x0000000775d00000, 0x00000007c0000000)
  eden space 133632K, 100% used [0x000000076b400000,0x0000000773680000,0x0000000773680000)
  from space 11776K, 99% used [0x0000000774700000,0x000000077527d030,0x0000000775280000)
  to   space 16896K, 0% used [0x0000000773680000,0x0000000773680000,0x0000000774700000)
 ParOldGen       total 166400K, used 19358K [0x00000006c1c00000, 0x00000006cbe80000, 0x000000076b400000)
  object space 166400K, 11% used [0x00000006c1c00000,0x00000006c2ee7b30,0x00000006cbe80000)
 Metaspace       used 36320K, capacity 38156K, committed 38528K, reserved 1083392K
  class space    used 4760K, capacity 5126K, committed 5248K, reserved 1048576K
Event: 3.635 GC heap after
Heap after GC invocations=9 (full 2):
 PSYoungGen      total 150528K, used 15120K [0x000000076b400000, 0x000000077a700000, 0x00000007c0000000)
  eden space 133632K, 0% used [0x000000076b400000,0x000000076b400000,0x0000000773680000)
  from space 16896K, 89% used [0x0000000773680000,0x00000007745442a0,0x0000000774700000)
  to   space 18432K, 0% used [0x0000000779500000,0x0000000779500000,0x000000077a700000)
 ParOldGen       total 166400K, used 19366K [0x00000006c1c00000, 0x00000006cbe80000, 0x000000076b400000)
  object space 166400K, 11% used [0x00000006c1c00000,0x00000006c2ee9b30,0x00000006cbe80000)
 Metaspace       used 36320K, capacity 38156K, committed 38528K, reserved 1083392K
  class space    used 4760K, capacity 5126K, committed 5248K, reserved 1048576K
}
Event: 5.787 GC heap before
{Heap before GC invocations=10 (full 2):
 PSYoungGen      total 150528K, used 148752K [0x000000076b400000, 0x000000077a700000, 0x00000007c0000000)
  eden space 133632K, 100% used [0x000000076b400000,0x0000000773680000,0x0000000773680000)
  from space 16896K, 89% used [0x0000000773680000,0x00000007745442a0,0x0000000774700000)
  to   space 18432K, 0% used [0x0000000779500000,0x0000000779500000,0x000000077a700000)
 ParOldGen       total 166400K, used 19366K [0x00000006c1c00000, 0x00000006cbe80000, 0x000000076b400000)
  object space 166400K, 11% used [0x00000006c1c00000,0x00000006c2ee9b30,0x00000006cbe80000)
 Metaspace       used 44051K, capacity 46750K, committed 46976K, reserved 1089536K
  class space    used 5928K, capacity 6467K, committed 6528K, reserved 1048576K
Event: 5.805 GC heap after
Heap after GC invocations=10 (full 2):
 PSYoungGen      total 223232K, used 17868K [0x000000076b400000, 0x000000077a680000, 0x00000007c0000000)
  eden space 205312K, 0% used [0x000000076b400000,0x000000076b400000,0x0000000777c80000)
  from space 17920K, 99% used [0x0000000779500000,0x000000077a6732a0,0x000000077a680000)
  to   space 20480K, 0% used [0x0000000777e80000,0x0000000777e80000,0x0000000779280000)
 ParOldGen       total 166400K, used 19374K [0x00000006c1c00000, 0x00000006cbe80000, 0x000000076b400000)
  object space 166400K, 11% used [0x00000006c1c00000,0x00000006c2eebb30,0x00000006cbe80000)
 Metaspace       used 44051K, capacity 46750K, committed 46976K, reserved 1089536K
  class space    used 5928K, capacity 6467K, committed 6528K, reserved 1048576K
}

Deoptimization events (10 events):
Event: 5.094 Thread 0x00000000221d1800 Uncommon trap: reason=unstable_if action=reinterpret pc=0x0000000003d52718 method=java.net.URI.match(CJJ)Z @ 45
Event: 5.098 Thread 0x00000000221d1800 Uncommon trap: reason=unstable_if action=reinterpret pc=0x00000000032d6460 method=java.net.URI.match(CJJ)Z @ 45
Event: 5.170 Thread 0x00000000221d1800 Uncommon trap: reason=bimorphic action=maybe_recompile pc=0x000000000398bdc4 method=java.util.regex.Pattern$Slice.match(Ljava/util/regex/Matcher;ILjava/lang/CharSequence;)Z @ 75
Event: 5.502 Thread 0x00000000240e9800 Uncommon trap: reason=bimorphic action=maybe_recompile pc=0x000000000398bdc4 method=java.util.regex.Pattern$Slice.match(Ljava/util/regex/Matcher;ILjava/lang/CharSequence;)Z @ 75
Event: 5.605 Thread 0x00000000240e9800 Uncommon trap: reason=unstable_if action=reinterpret pc=0x00000000032376f4 method=java.util.concurrent.ConcurrentMap.computeIfAbsent(Ljava/lang/Object;Ljava/util/function/Function;)Ljava/lang/Object; @ 27
Event: 5.606 Thread 0x00000000240e9800 Uncommon trap: reason=predicate action=maybe_recompile pc=0x000000000398bca0 method=java.util.regex.Pattern$Slice.match(Ljava/util/regex/Matcher;ILjava/lang/CharSequence;)Z @ 21
Event: 5.624 Thread 0x00000000240e9800 Uncommon trap: reason=unstable_if action=reinterpret pc=0x0000000003d88b84 method=org.springframework.core.annotation.AnnotationsScanner.processClassHierarchy(Ljava/lang/Object;[ILjava/lang/Class;Lorg/springframework/core/annotation/AnnotationsProcessor;Z
Event: 5.651 Thread 0x00000000240e9800 Uncommon trap: reason=unstable_if action=reinterpret pc=0x00000000036b2ee8 method=java.util.LinkedHashMap.get(Ljava/lang/Object;)Ljava/lang/Object; @ 20
Event: 5.677 Thread 0x00000000240e9800 Uncommon trap: reason=unstable_if action=reinterpret pc=0x0000000003de1044 method=org.springframework.core.annotation.TypeMappedAnnotations$AggregatesSpliterator.getNextSuitableMapping(Lorg/springframework/core/annotation/TypeMappedAnnotations$Aggregate;I
Event: 5.823 Thread 0x00000000240e9800 Uncommon trap: reason=unstable_if action=reinterpret pc=0x00000000037b6864 method=java.util.IdentityHashMap.maskNull(Ljava/lang/Object;)Ljava/lang/Object; @ 1

Classes redefined (0 events):
No events

Internal exceptions (10 events):
Event: 3.171 Thread 0x000000001fef8800 Exception <a 'java/lang/IncompatibleClassChangeError': Found class java.lang.Object, but interface was expected> (0x000000076b8b92a8) thrown at [C:\re\workspace\8-2-build-windows-amd64-cygwin\jdk8u221\13320\hotspot\src\share\vm\interpreter\linkResolver.cp
Event: 3.264 Thread 0x000000001fef8800 Exception <a 'java/lang/IncompatibleClassChangeError': Found class java.lang.Object, but interface was expected> (0x000000076c074398) thrown at [C:\re\workspace\8-2-build-windows-amd64-cygwin\jdk8u221\13320\hotspot\src\share\vm\interpreter\linkResolver.cp
Event: 3.779 Thread 0x000000001fef8800 Exception <a 'java/lang/IncompatibleClassChangeError': Found class java.lang.Object, but interface was expected> (0x000000076f195d58) thrown at [C:\re\workspace\8-2-build-windows-amd64-cygwin\jdk8u221\13320\hotspot\src\share\vm\interpreter\linkResolver.cp
Event: 3.815 Thread 0x000000001fef8800 Exception <a 'java/lang/IncompatibleClassChangeError': Found class java.lang.Object, but interface was expected> (0x000000076f5eaea0) thrown at [C:\re\workspace\8-2-build-windows-amd64-cygwin\jdk8u221\13320\hotspot\src\share\vm\interpreter\linkResolver.cp
Event: 3.821 Thread 0x000000001fef8800 Exception <a 'java/lang/NoSuchMethodError': java.lang.Object.builder()Lreactor/netty/http/server/WebsocketServerSpec$Builder;> (0x000000076f81ff78) thrown at [C:\re\workspace\8-2-build-windows-amd64-cygwin\jdk8u221\13320\hotspot\src\share\vm\interpreter\l
Event: 4.032 Thread 0x000000001fef8800 Exception <a 'java/lang/UnsatisfiedLinkError': io.netty.channel.epoll.Native.offsetofEpollData()I> (0x0000000770546360) thrown at [C:\re\workspace\8-2-build-windows-amd64-cygwin\jdk8u221\13320\hotspot\src\share\vm\prims\nativeLookup.cpp, line 378]
Event: 4.032 Thread 0x000000001fef8800 Exception <a 'java/lang/ExceptionInInitializerError'> (0x0000000770546d30) thrown at [C:\re\workspace\8-2-build-windows-amd64-cygwin\jdk8u221\13320\hotspot\src\share\vm\oops\instanceKlass.cpp, line 964]
Event: 5.220 Thread 0x00000000221d1800 Exception <a 'java/lang/NoSuchMethodError': java.lang.Object.lambda$getRequiredAttribute$0(Ljava/lang/String;)Ljava/lang/String;> (0x00000007726916c0) thrown at [C:\re\workspace\8-2-build-windows-amd64-cygwin\jdk8u221\13320\hotspot\src\share\vm\interprete
Event: 5.538 Thread 0x00000000240e9800 Exception <a 'java/lang/NoSuchMethodError': java.lang.Object.lambda$andThen$0(Ljava/util/function/Consumer;Ljava/lang/Object;)V> (0x0000000772b0ad30) thrown at [C:\re\workspace\8-2-build-windows-amd64-cygwin\jdk8u221\13320\hotspot\src\share\vm\interpreter
Event: 5.823 Thread 0x00000000240e9800 Implicit null exception at 0x00000000037b66d2 to 0x00000000037b6851

Events (10 events):
Event: 5.842 loading class com/fasterxml/jackson/databind/ser/std/NumberSerializers$1
Event: 5.842 loading class com/fasterxml/jackson/databind/ser/std/NumberSerializers$1 done
Event: 5.845 loading class org/springframework/http/codec/ServerSentEvent
Event: 5.845 loading class org/springframework/http/codec/ServerSentEvent done
Event: 5.846 loading class org/springframework/core/io/buffer/DataBufferFactory
Event: 5.846 loading class org/springframework/core/io/buffer/DataBufferFactory done
Event: 5.846 loading class org/springframework/core/io/buffer/DataBuffer
Event: 5.846 loading class org/springframework/core/io/buffer/DataBuffer done
Event: 5.846 loading class org/springframework/core/codec/CharSequenceEncoder
Event: 5.846 loading class org/springframework/core/codec/CharSequenceEncoder done


Dynamic libraries:
0x00007ff6d0f40000 - 0x00007ff6d0f77000 	C:\Program Files\Java\jdk1.8.0_221\bin\javaw.exe
0x00007ffe1c710000 - 0x00007ffe1c905000 	C:\WINDOWS\SYSTEM32\ntdll.dll
0x00007ffe1afd0000 - 0x00007ffe1b08d000 	C:\WINDOWS\System32\KERNEL32.DLL
0x00007ffe1a1f0000 - 0x00007ffe1a4b8000 	C:\WINDOWS\System32\KERNELBASE.dll
0x00007ffe1ad80000 - 0x00007ffe1ae2c000 	C:\WINDOWS\System32\ADVAPI32.dll
0x00007ffe1af20000 - 0x00007ffe1afbe000 	C:\WINDOWS\System32\msvcrt.dll
0x00007ffe1b960000 - 0x00007ffe1b9fb000 	C:\WINDOWS\System32\sechost.dll
0x00007ffe1bc00000 - 0x00007ffe1bd2b000 	C:\WINDOWS\System32\RPCRT4.dll
0x00007ffe1c480000 - 0x00007ffe1c620000 	C:\WINDOWS\System32\USER32.dll
0x00007ffe1a1c0000 - 0x00007ffe1a1e2000 	C:\WINDOWS\System32\win32u.dll
0x00007ffe1acc0000 - 0x00007ffe1acea000 	C:\WINDOWS\System32\GDI32.dll
0x00007ffe19e50000 - 0x00007ffe19f5b000 	C:\WINDOWS\System32\gdi32full.dll
0x00007ffe1a4c0000 - 0x00007ffe1a55d000 	C:\WINDOWS\System32\msvcp_win.dll
0x00007ffe1a610000 - 0x00007ffe1a710000 	C:\WINDOWS\System32\ucrtbase.dll
0x00007ffe02f70000 - 0x00007ffe0320a000 	C:\WINDOWS\WinSxS\amd64_microsoft.windows.common-controls_6595b64144ccf1df_6.0.19041.844_none_ca00b6081b84eb1d\COMCTL32.dll
0x00007ffe1acf0000 - 0x00007ffe1ad20000 	C:\WINDOWS\System32\IMM32.DLL
0x0000000075900000 - 0x00000000759d2000 	C:\Program Files\Java\jdk1.8.0_221\jre\bin\msvcr100.dll
0x0000000075050000 - 0x00000000758f5000 	C:\Program Files\Java\jdk1.8.0_221\jre\bin\server\jvm.dll
0x00007ffe1b0a0000 - 0x00007ffe1b0a8000 	C:\WINDOWS\System32\PSAPI.DLL
0x00007ffe0f4c0000 - 0x00007ffe0f4c9000 	C:\WINDOWS\SYSTEM32\WSOCK32.dll
0x00007ffe0c670000 - 0x00007ffe0c67a000 	C:\WINDOWS\SYSTEM32\VERSION.dll
0x00007ffe03dd0000 - 0x00007ffe03df7000 	C:\WINDOWS\SYSTEM32\WINMM.dll
0x00007ffe1aeb0000 - 0x00007ffe1af1b000 	C:\WINDOWS\System32\WS2_32.dll
0x00007ffe17750000 - 0x00007ffe1775f000 	C:\Program Files\Java\jdk1.8.0_221\jre\bin\verify.dll
0x00007ffe0d430000 - 0x00007ffe0d459000 	C:\Program Files\Java\jdk1.8.0_221\jre\bin\java.dll
0x00007ffe15140000 - 0x00007ffe15156000 	C:\Program Files\Java\jdk1.8.0_221\jre\bin\zip.dll
0x00007ffe1bd30000 - 0x00007ffe1c472000 	C:\WINDOWS\System32\SHELL32.dll
0x00007ffe17f40000 - 0x00007ffe186d0000 	C:\WINDOWS\SYSTEM32\windows.storage.dll
0x00007ffe1b330000 - 0x00007ffe1b685000 	C:\WINDOWS\System32\combase.dll
0x00007ffe19720000 - 0x00007ffe1974c000 	C:\WINDOWS\SYSTEM32\Wldp.dll
0x00007ffe1b8b0000 - 0x00007ffe1b95e000 	C:\WINDOWS\System32\SHCORE.dll
0x00007ffe1ad20000 - 0x00007ffe1ad75000 	C:\WINDOWS\System32\shlwapi.dll
0x00007ffe19d90000 - 0x00007ffe19daf000 	C:\WINDOWS\SYSTEM32\profapi.dll
0x00007ffe17740000 - 0x00007ffe1774d000 	C:\Program Files\Java\jdk1.8.0_221\jre\bin\management.dll
0x00007ffe055c0000 - 0x00007ffe055da000 	C:\Program Files\Java\jdk1.8.0_221\jre\bin\net.dll
0x00007ffe0d1f0000 - 0x00007ffe0d3de000 	C:\WINDOWS\SYSTEM32\urlmon.dll
0x00007ffe0f140000 - 0x00007ffe0f3f0000 	C:\WINDOWS\SYSTEM32\iertutil.dll
0x00007ffe19500000 - 0x00007ffe1956a000 	C:\WINDOWS\system32\mswsock.dll
0x00007ffdfb9e0000 - 0x00007ffdfb9f7000 	C:\WINDOWS\system32\napinsp.dll
0x00007ffdfa100000 - 0x00007ffdfa11b000 	C:\WINDOWS\system32\pnrpnsp.dll
0x00007ffe123c0000 - 0x00007ffe123d5000 	C:\WINDOWS\system32\wshbth.dll
0x00007ffe15670000 - 0x00007ffe1568d000 	C:\WINDOWS\system32\NLAapi.dll
0x00007ffe19210000 - 0x00007ffe1924b000 	C:\WINDOWS\SYSTEM32\IPHLPAPI.DLL
0x00007ffe19250000 - 0x00007ffe1931c000 	C:\WINDOWS\SYSTEM32\DNSAPI.dll
0x00007ffe1b090000 - 0x00007ffe1b098000 	C:\WINDOWS\System32\NSI.dll
0x00007ffdf5f20000 - 0x00007ffdf5f32000 	C:\WINDOWS\System32\winrnr.dll
0x00007ffe0e6f0000 - 0x00007ffe0e6fa000 	C:\Windows\System32\rasadhlp.dll
0x00007ffe0db80000 - 0x00007ffe0dbff000 	C:\WINDOWS\System32\fwpuclnt.dll
0x00007ffe1a0c0000 - 0x00007ffe1a0e7000 	C:\WINDOWS\System32\bcrypt.dll
0x00007ffe055a0000 - 0x00007ffe055b2000 	C:\Program Files\Java\jdk1.8.0_221\jre\bin\nio.dll
0x00007ffe198b0000 - 0x00007ffe198c8000 	C:\WINDOWS\SYSTEM32\CRYPTSP.dll
0x00007ffe18ec0000 - 0x00007ffe18ef4000 	C:\WINDOWS\system32\rsaenh.dll
0x00007ffe19cc0000 - 0x00007ffe19cee000 	C:\WINDOWS\SYSTEM32\USERENV.dll
0x00007ffe1a140000 - 0x00007ffe1a1c0000 	C:\WINDOWS\System32\bcryptprimitives.dll
0x00007ffe19680000 - 0x00007ffe1968c000 	C:\WINDOWS\SYSTEM32\CRYPTBASE.dll
0x00007ffe11db0000 - 0x00007ffe11dc7000 	C:\WINDOWS\SYSTEM32\dhcpcsvc6.DLL
0x00007ffe11c90000 - 0x00007ffe11cad000 	C:\WINDOWS\SYSTEM32\dhcpcsvc.DLL

VM Arguments:
jvm_args: -Dfile.encoding=UTF-8 
java_command: dws.reactive.test.DWSReactiTestApp
java_class_path (initial): C:\workspace-interview-dws\dws-reactive-test\target\classes;C:\Users\175 MX\.m2\repository\org\springframework\boot\spring-boot-devtools\2.4.4\spring-boot-devtools-2.4.4.jar;C:\Users\175 MX\.m2\repository\org\springframework\boot\spring-boot\2.4.4\spring-boot-2.4.4.jar;C:\Users\175 MX\.m2\repository\org\springframework\spring-context\5.3.5\spring-context-5.3.5.jar;C:\Users\175 MX\.m2\repository\org\springframework\spring-expression\5.3.5\spring-expression-5.3.5.jar;C:\Users\175 MX\.m2\repository\org\springframework\boot\spring-boot-autoconfigure\2.4.4\spring-boot-autoconfigure-2.4.4.jar;C:\Users\175 MX\.m2\repository\org\springframework\boot\spring-boot-starter-validation\2.4.4\spring-boot-starter-validation-2.4.4.jar;C:\Users\175 MX\.m2\repository\org\springframework\boot\spring-boot-starter\2.4.4\spring-boot-starter-2.4.4.jar;C:\Users\175 MX\.m2\repository\org\springframework\boot\spring-boot-starter-logging\2.4.4\spring-boot-starter-logging-2.4.4.jar;C:\Users\175 MX\.m2\repository\ch\qos\logback\logback-classic\1.2.3\logback-classic-1.2.3.jar;C:\Users\175 MX\.m2\repository\ch\qos\logback\logback-core\1.2.3\logback-core-1.2.3.jar;C:\Users\175 MX\.m2\repository\org\apache\logging\log4j\log4j-to-slf4j\2.13.3\log4j-to-slf4j-2.13.3.jar;C:\Users\175 MX\.m2\repository\org\apache\logging\log4j\log4j-api\2.13.3\log4j-api-2.13.3.jar;C:\Users\175 MX\.m2\repository\org\slf4j\jul-to-slf4j\1.7.30\jul-to-slf4j-1.7.30.jar;C:\Users\175 MX\.m2\repository\jakarta\annotation\jakarta.annotation-api\1.3.5\jakarta.annotation-api-1.3.5.jar;C:\Users\175 MX\.m2\repository\org\yaml\snakeyaml\1.27\snakeyaml-1.27.jar;C:\Users\175 MX\.m2\repository\org\glassfish\jakarta.el\3.0.3\jakarta.el-3.0.3.jar;C:\Users\175 MX\.m2\repository\org\hibernate\validator\hibernate-validator\6.1.7.Final\hibernate-validator-6.1.7.Final.jar;C:\Users\175 MX\.m2\repository\jakarta\validation\jakarta.validation-api\2.0.2\jakarta.validation-api-2.0.2.jar;C:\Users\175 MX\.m2\repository\org
Launcher Type: SUN_STANDARD

Environment Variables:
JAVA_HOME=C:\Program Files\Java\jdk1.8.0_221
PATH=C:/eclipse//plugins/org.eclipse.justj.openjdk.hotspot.jre.full.win32.x86_64_15.0.2.v20210201-0955/jre/bin/server;C:/eclipse//plugins/org.eclipse.justj.openjdk.hotspot.jre.full.win32.x86_64_15.0.2.v20210201-0955/jre/bin;C:\Program Files (x86)\Common Files\Oracle\Java\javapath;C:\Program Files (x86)\Intel\iCLS Client\;C:\Program Files\Intel\iCLS Client\;C:\Windows\system32;C:\Windows;C:\Windows\System32\Wbem;C:\Windows\System32\WindowsPowerShell\v1.0\;C:\Program Files (x86)\NVIDIA Corporation\PhysX\Common;C:\Program Files\Intel\WiFi\bin\;C:\Program Files\Common Files\Intel\WirelessCommon\;C:\Program Files (x86)\Intel\Intel(R) Management Engine Components\DAL;C:\Program Files\Intel\Intel(R) Management Engine Components\DAL;C:\Program Files (x86)\Intel\Intel(R) Management Engine Components\IPT;C:\Program Files\Intel\Intel(R) Management Engine Components\IPT;C:\WINDOWS\system32;C:\WINDOWS;C:\WINDOWS\System32\Wbem;C:\WINDOWS\System32\WindowsPowerShell\v1.0\;C:\WINDOWS\System32\OpenSSH\;C:\Program Files\Java\jdk1.8.0_221\bin;C:\gradle\gradle-5.1.1\bin;C:\Users\175 MX\AppData\Local\Android\Sdk\platform-tools;C:\Program Files\Git\cmd;C:\Program Files\nodejs\;C:\Program Files\dotnet\;C:\Program Files\SourceGear\Common\DiffMerge\;C:\Program Files\NVIDIA Corporation\NVIDIA NvDLISR;C:\Users\175 MX\.windows-build-tools\python27\;C:\Users\175 MX\AppData\Local\Microsoft\WindowsApps;C:\Program Files\Intel\WiFi\bin\;C:\Program Files\Common Files\Intel\WirelessCommon\;C:\Users\175 MX\AppData\Local\Programs\Microsoft VS Code\bin;C:\Users\175 MX\AppData\Local\GitHubDesktop\bin;C:\Users\175 MX\AppData\Roaming\npm;C:\Program Files\heroku\bin;C:\Users\175 MX\AppData\Local\GitHubCLI\bin;C:\Users\175 MX\.dotnet\tools;C:\Users\175 MX\AppData\Local\Microsoft\WindowsApps;;C:\eclipse;
USERNAME=175 MX
OS=Windows_NT
PROCESSOR_IDENTIFIER=Intel64 Family 6 Model 158 Stepping 9, GenuineIntel



---------------  S Y S T E M  ---------------

OS: Windows 10.0 , 64 bit Build 19041 (10.0.19041.928)

CPU:total 8 (initial active 8) (4 cores per cpu, 2 threads per core) family 6 model 158 stepping 9, cmov, cx8, fxsr, mmx, sse, sse2, sse3, ssse3, sse4.1, sse4.2, popcnt, avx, avx2, aes, clmul, erms, 3dnowpref, lzcnt, ht, tsc, tscinvbit, bmi1, bmi2, adx

Memory: 4k page, physical 16659336k(1557228k free), swap 16659336k(5152k free)

vm_info: Java HotSpot(TM) 64-Bit Server VM (25.221-b11) for windows-amd64 JRE (1.8.0_221-b11), built on Jul  4 2019 04:39:29 by "java_re" with MS VC++ 10.0 (VS2010)

time: Tue Jun 01 23:19:17 2021
timezone: Hora oficial do Brasil
elapsed time: 5 seconds (0d 0h 0m 5s)

