#
# There is insufficient memory for the Java Runtime Environment to continue.
# Native memory allocation (malloc) failed to allocate 1063696 bytes for Chunk::new
# Possible reasons:
#   The system is out of physical RAM or swap space
#   The process is running with CompressedOops enabled, and the Java Heap may be blocking the growth of the native heap
# Possible solutions:
#   Reduce memory load on the system
#   Increase physical memory or swap space
#   Check if swap backing store is full
#   Decrease Java heap size (-Xmx/-Xms)
#   Decrease number of Java threads
#   Decrease Java thread stack sizes (-Xss)
#   Set larger code cache with -XX:ReservedCodeCacheSize=
#   JVM is running with Zero Based Compressed Oops mode in which the Java heap is
#     placed in the first 32GB address space. The Java Heap base address is the
#     maximum limit for the native heap growth. Please use -XX:HeapBaseMinAddress
#     to set the Java Heap base and to place the Java Heap above 32GB virtual address.
# This output file may be truncated or incomplete.
#
#  Out of Memory Error (allocation.cpp:389), pid=11208, tid=0x00000000000044d0
#
# JRE version: Java(TM) SE Runtime Environment (8.0_221-b11) (build 1.8.0_221-b11)
# Java VM: Java HotSpot(TM) 64-Bit Server VM (25.221-b11 mixed mode windows-amd64 compressed oops)
# Failed to write core dump. Minidumps are not enabled by default on client versions of Windows
#

---------------  T H R E A D  ---------------

Current thread (0x000000001e80e000):  JavaThread "C2 CompilerThread0" daemon [_thread_in_native, id=17616, stack(0x000000001f0e0000,0x000000001f1e0000)]

Stack: [0x000000001f0e0000,0x000000001f1e0000]
[error occurred during error reporting (printing stack bounds), id 0xc0000005]

Native frames: (J=compiled Java code, j=interpreted, Vv=VM code, C=native code)


Current CompileTask:
C2:  82076 5005       4       org.springframework.core.annotation.TypeMappedAnnotations$MergedAnnotationFinder::doWithAnnotations (75 bytes)


---------------  P R O C E S S  ---------------

Java Threads: ( => current thread )
  0x000000001fa9d800 JavaThread "ForkJoinPool.commonPool-worker-1" daemon [_thread_blocked, id=15884, stack(0x0000000027fb0000,0x00000000280b0000)]
  0x000000001fa9b000 JavaThread "reactor-http-nio-4" daemon [_thread_in_native, id=11760, stack(0x0000000001370000,0x0000000001470000)]
  0x000000001fa96800 JavaThread "reactor-http-nio-3" daemon [_thread_in_native, id=11928, stack(0x0000000001270000,0x0000000001370000)]
  0x000000001fa99800 JavaThread "reactor-http-nio-2" daemon [_thread_in_native, id=11712, stack(0x0000000021010000,0x0000000021110000)]
  0x000000001fa9a800 JavaThread "DestroyJavaVM" [_thread_blocked, id=17188, stack(0x0000000002d80000,0x0000000002e80000)]
  0x000000001fa98000 JavaThread "server" [_thread_blocked, id=11280, stack(0x00000000277b0000,0x00000000278b0000)]
  0x000000001fa99000 JavaThread "reactor-http-nio-1" daemon [_thread_in_native, id=15284, stack(0x0000000025a90000,0x0000000025b90000)]
  0x000000001fa9c000 JavaThread "Live Reload Server" daemon [_thread_in_native, id=15120, stack(0x00000000273b0000,0x00000000274b0000)]
  0x000000001fa9c800 JavaThread "File Watcher" daemon [_thread_blocked, id=18880, stack(0x00000000248e0000,0x00000000249e0000)]
  0x0000000025352000 JavaThread "boundedElastic-evictor-1" daemon [_thread_blocked, id=9460, stack(0x0000000023750000,0x0000000023850000)]
  0x000000002534b800 JavaThread "Statistics Thread-__DEFAULT__-1" daemon [_thread_blocked, id=16568, stack(0x0000000022e20000,0x0000000022f20000)]
  0x000000002534e800 JavaThread "__DEFAULT__" daemon [_thread_blocked, id=16088, stack(0x0000000021950000,0x0000000021a50000)]
  0x000000001e892000 JavaThread "Service Thread" daemon [_thread_blocked, id=7140, stack(0x000000001f4e0000,0x000000001f5e0000)]
  0x000000001ca1e000 JavaThread "C1 CompilerThread3" daemon [_thread_blocked, id=16500, stack(0x000000001f3e0000,0x000000001f4e0000)]
  0x000000001ca1a000 JavaThread "C2 CompilerThread2" daemon [_thread_in_native, id=464, stack(0x000000001f2e0000,0x000000001f3e0000)]
  0x000000001e810000 JavaThread "C2 CompilerThread1" daemon [_thread_in_native, id=12340, stack(0x000000001f1e0000,0x000000001f2e0000)]
=>0x000000001e80e000 JavaThread "C2 CompilerThread0" daemon [_thread_in_native, id=17616, stack(0x000000001f0e0000,0x000000001f1e0000)]
  0x000000001e80b800 JavaThread "Attach Listener" daemon [_thread_blocked, id=14184, stack(0x000000001efe0000,0x000000001f0e0000)]
  0x000000001e80a000 JavaThread "Signal Dispatcher" daemon [_thread_blocked, id=5104, stack(0x000000001eee0000,0x000000001efe0000)]
  0x000000001e7f1800 JavaThread "Finalizer" daemon [_thread_blocked, id=8100, stack(0x000000001ecd0000,0x000000001edd0000)]
  0x000000001e7f0800 JavaThread "Reference Handler" daemon [_thread_blocked, id=9508, stack(0x000000001ebd0000,0x000000001ecd0000)]

Other Threads:
  0x000000001ca05800 VMThread [stack: 0x000000001e6d0000,0x000000001e7d0000] [id=2572]
  0x000000001e864000 WatcherThread [stack: 0x000000001f5e0000,0x000000001f6e0000] [id=19280]

VM state:not at safepoint (normal execution)

VM Mutex/Monitor currently owned by a thread: None

heap address: 0x00000006c1c00000, size: 4068 MB, Compressed Oops mode: Zero based, Oop shift amount: 3
Narrow klass base: 0x0000000000000000, Narrow klass shift: 3
Compressed class space size: 1073741824 Address: 0x00000007c0000000

Heap:
 PSYoungGen      total 229888K, used 70567K [0x000000076b400000, 0x000000077af80000, 0x00000007c0000000)
  eden space 211968K, 24% used [0x000000076b400000,0x000000076e76fd20,0x0000000778300000)
  from space 17920K, 99% used [0x0000000779e00000,0x000000077af7a0d0,0x000000077af80000)
  to   space 20480K, 0% used [0x0000000778780000,0x0000000778780000,0x0000000779b80000)
 ParOldGen       total 162816K, used 19540K [0x00000006c1c00000, 0x00000006cbb00000, 0x000000076b400000)
  object space 162816K, 12% used [0x00000006c1c00000,0x00000006c2f153e8,0x00000006cbb00000)
 Metaspace       used 49133K, capacity 52150K, committed 52480K, reserved 1095680K
  class space    used 6497K, capacity 7071K, committed 7168K, reserved 1048576K

Card table byte_map: [0x0000000012360000,0x0000000012b60000] byte_map_base: 0x000000000ed52000

Marking Bits: (ParMarkBitMap*) 0x0000000075875ce0
 Begin Bits: [0x00000000138b0000, 0x0000000017840000)
 End Bits:   [0x0000000017840000, 0x000000001b7d0000)

Polling page: 0x0000000000f80000

CodeCache: size=245760Kb used=14804Kb max_used=15137Kb free=230955Kb
 bounds [0x0000000002fa0000, 0x0000000003e80000, 0x0000000011fa0000]
 total_blobs=4973 nmethods=4403 adapters=482
 compilation: enabled

Compilation events (10 events):
Event: 82.056 Thread 0x000000001ca1e000 5109       1       com.fasterxml.jackson.databind.AnnotationIntrospector::findSerializer (2 bytes)
Event: 82.056 Thread 0x000000001ca1e000 nmethod 5109 0x000000000384ba50 code [0x000000000384bba0, 0x000000000384bcb0]
Event: 82.056 Thread 0x000000001ca1e000 5112       1       com.fasterxml.jackson.databind.AnnotationIntrospector::findSerializationTyping (2 bytes)
Event: 82.056 Thread 0x000000001ca1e000 nmethod 5112 0x000000000384b790 code [0x000000000384b8e0, 0x000000000384b9f0]
Event: 82.056 Thread 0x000000001ca1e000 5114       1       com.fasterxml.jackson.databind.AnnotationIntrospector::findSerializationConverter (2 bytes)
Event: 82.056 Thread 0x000000001ca1e000 nmethod 5114 0x000000000384b4d0 code [0x000000000384b620, 0x000000000384b730]
Event: 82.056 Thread 0x000000001ca1e000 5113       1       com.fasterxml.jackson.databind.introspect.AnnotatedClass::getAnnotations (5 bytes)
Event: 82.056 Thread 0x000000001ca1e000 nmethod 5113 0x000000000384b210 code [0x000000000384b360, 0x000000000384b470]
Event: 82.057 Thread 0x000000001ca1e000 5115       1       io.netty.util.DefaultAttributeMap$DefaultAttribute::access$000 (5 bytes)
Event: 82.058 Thread 0x000000001ca1e000 nmethod 5115 0x000000000384af50 code [0x000000000384b0a0, 0x000000000384b190]

GC Heap History (10 events):
Event: 3.541 GC heap before
{Heap before GC invocations=6 (full 1):
 PSYoungGen      total 103424K, used 29969K [0x000000076b400000, 0x0000000772500000, 0x00000007c0000000)
  eden space 93696K, 21% used [0x000000076b400000,0x000000076c7e2f48,0x0000000770f80000)
  from space 9728K, 98% used [0x0000000771b80000,0x00000007724e1678,0x0000000772500000)
  to   space 10752K, 0% used [0x0000000771000000,0x0000000771000000,0x0000000771a80000)
 ParOldGen       total 109056K, used 10615K [0x00000006c1c00000, 0x00000006c8680000, 0x000000076b400000)
  object space 109056K, 9% used [0x00000006c1c00000,0x00000006c265dc48,0x00000006c8680000)
 Metaspace       used 33722K, capacity 35388K, committed 35496K, reserved 1079296K
  class space    used 4468K, capacity 4808K, committed 4864K, reserved 1048576K
Event: 3.548 GC heap after
Heap after GC invocations=6 (full 1):
 PSYoungGen      total 104960K, used 7206K [0x000000076b400000, 0x0000000775500000, 0x00000007c0000000)
  eden space 94208K, 0% used [0x000000076b400000,0x000000076b400000,0x0000000771000000)
  from space 10752K, 67% used [0x0000000771000000,0x00000007717098f8,0x0000000771a80000)
  to   space 11776K, 0% used [0x0000000774980000,0x0000000774980000,0x0000000775500000)
 ParOldGen       total 109056K, used 10623K [0x00000006c1c00000, 0x00000006c8680000, 0x000000076b400000)
  object space 109056K, 9% used [0x00000006c1c00000,0x00000006c265fc48,0x00000006c8680000)
 Metaspace       used 33722K, capacity 35388K, committed 35496K, reserved 1079296K
  class space    used 4468K, capacity 4808K, committed 4864K, reserved 1048576K
}
Event: 3.548 GC heap before
{Heap before GC invocations=7 (full 2):
 PSYoungGen      total 104960K, used 7206K [0x000000076b400000, 0x0000000775500000, 0x00000007c0000000)
  eden space 94208K, 0% used [0x000000076b400000,0x000000076b400000,0x0000000771000000)
  from space 10752K, 67% used [0x0000000771000000,0x00000007717098f8,0x0000000771a80000)
  to   space 11776K, 0% used [0x0000000774980000,0x0000000774980000,0x0000000775500000)
 ParOldGen       total 109056K, used 10623K [0x00000006c1c00000, 0x00000006c8680000, 0x000000076b400000)
  object space 109056K, 9% used [0x00000006c1c00000,0x00000006c265fc48,0x00000006c8680000)
 Metaspace       used 33722K, capacity 35388K, committed 35496K, reserved 1079296K
  class space    used 4468K, capacity 4808K, committed 4864K, reserved 1048576K
Event: 3.590 GC heap after
Heap after GC invocations=7 (full 2):
 PSYoungGen      total 104960K, used 0K [0x000000076b400000, 0x0000000775500000, 0x00000007c0000000)
  eden space 94208K, 0% used [0x000000076b400000,0x000000076b400000,0x0000000771000000)
  from space 10752K, 0% used [0x0000000771000000,0x0000000771000000,0x0000000771a80000)
  to   space 11776K, 0% used [0x0000000774980000,0x0000000774980000,0x0000000775500000)
 ParOldGen       total 162816K, used 12678K [0x00000006c1c00000, 0x00000006cbb00000, 0x000000076b400000)
  object space 162816K, 7% used [0x00000006c1c00000,0x00000006c2861ba0,0x00000006cbb00000)
 Metaspace       used 33718K, capacity 35382K, committed 35496K, reserved 1079296K
  class space    used 4468K, capacity 4807K, committed 4864K, reserved 1048576K
}
Event: 3.982 GC heap before
{Heap before GC invocations=8 (full 2):
 PSYoungGen      total 104960K, used 94208K [0x000000076b400000, 0x0000000775500000, 0x00000007c0000000)
  eden space 94208K, 100% used [0x000000076b400000,0x0000000771000000,0x0000000771000000)
  from space 10752K, 0% used [0x0000000771000000,0x0000000771000000,0x0000000771a80000)
  to   space 11776K, 0% used [0x0000000774980000,0x0000000774980000,0x0000000775500000)
 ParOldGen       total 162816K, used 12678K [0x00000006c1c00000, 0x00000006cbb00000, 0x000000076b400000)
  object space 162816K, 7% used [0x00000006c1c00000,0x00000006c2861ba0,0x00000006cbb00000)
 Metaspace       used 36164K, capacity 38034K, committed 38272K, reserved 1083392K
  class space    used 4751K, capacity 5125K, committed 5248K, reserved 1048576K
Event: 3.996 GC heap after
Heap after GC invocations=8 (full 2):
 PSYoungGen      total 147968K, used 11764K [0x000000076b400000, 0x0000000776180000, 0x00000007c0000000)
  eden space 136192K, 0% used [0x000000076b400000,0x000000076b400000,0x0000000773900000)
  from space 11776K, 99% used [0x0000000774980000,0x00000007754fd040,0x0000000775500000)
  to   space 16896K, 0% used [0x0000000773900000,0x0000000773900000,0x0000000774980000)
 ParOldGen       total 162816K, used 19524K [0x00000006c1c00000, 0x00000006cbb00000, 0x000000076b400000)
  object space 162816K, 11% used [0x00000006c1c00000,0x00000006c2f113e8,0x00000006cbb00000)
 Metaspace       used 36164K, capacity 38034K, committed 38272K, reserved 1083392K
  class space    used 4751K, capacity 5125K, committed 5248K, reserved 1048576K
}
Event: 4.145 GC heap before
{Heap before GC invocations=9 (full 2):
 PSYoungGen      total 147968K, used 147956K [0x000000076b400000, 0x0000000776180000, 0x00000007c0000000)
  eden space 136192K, 100% used [0x000000076b400000,0x0000000773900000,0x0000000773900000)
  from space 11776K, 99% used [0x0000000774980000,0x00000007754fd040,0x0000000775500000)
  to   space 16896K, 0% used [0x0000000773900000,0x0000000773900000,0x0000000774980000)
 ParOldGen       total 162816K, used 19524K [0x00000006c1c00000, 0x00000006cbb00000, 0x000000076b400000)
  object space 162816K, 11% used [0x00000006c1c00000,0x00000006c2f113e8,0x00000006cbb00000)
 Metaspace       used 36314K, capacity 38168K, committed 38528K, reserved 1083392K
  class space    used 4756K, capacity 5126K, committed 5248K, reserved 1048576K
Event: 4.155 GC heap after
Heap after GC invocations=9 (full 2):
 PSYoungGen      total 153088K, used 15682K [0x000000076b400000, 0x000000077b000000, 0x00000007c0000000)
  eden space 136192K, 0% used [0x000000076b400000,0x000000076b400000,0x0000000773900000)
  from space 16896K, 92% used [0x0000000773900000,0x0000000774850a90,0x0000000774980000)
  to   space 18432K, 0% used [0x0000000779e00000,0x0000000779e00000,0x000000077b000000)
 ParOldGen       total 162816K, used 19532K [0x00000006c1c00000, 0x00000006cbb00000, 0x000000076b400000)
  object space 162816K, 11% used [0x00000006c1c00000,0x00000006c2f133e8,0x00000006cbb00000)
 Metaspace       used 36314K, capacity 38168K, committed 38528K, reserved 1083392K
  class space    used 4756K, capacity 5126K, committed 5248K, reserved 1048576K
}
Event: 35.941 GC heap before
{Heap before GC invocations=10 (full 2):
 PSYoungGen      total 153088K, used 151874K [0x000000076b400000, 0x000000077b000000, 0x00000007c0000000)
  eden space 136192K, 100% used [0x000000076b400000,0x0000000773900000,0x0000000773900000)
  from space 16896K, 92% used [0x0000000773900000,0x0000000774850a90,0x0000000774980000)
  to   space 18432K, 0% used [0x0000000779e00000,0x0000000779e00000,0x000000077b000000)
 ParOldGen       total 162816K, used 19532K [0x00000006c1c00000, 0x00000006cbb00000, 0x000000076b400000)
  object space 162816K, 11% used [0x00000006c1c00000,0x00000006c2f133e8,0x00000006cbb00000)
 Metaspace       used 44371K, capacity 46674K, committed 46848K, reserved 1089536K
  class space    used 5875K, capacity 6301K, committed 6400K, reserved 1048576K
Event: 35.956 GC heap after
Heap after GC invocations=10 (full 2):
 PSYoungGen      total 229888K, used 17896K [0x000000076b400000, 0x000000077af80000, 0x00000007c0000000)
  eden space 211968K, 0% used [0x000000076b400000,0x000000076b400000,0x0000000778300000)
  from space 17920K, 99% used [0x0000000779e00000,0x000000077af7a0d0,0x000000077af80000)
  to   space 20480K, 0% used [0x0000000778780000,0x0000000778780000,0x0000000779b80000)
 ParOldGen       total 162816K, used 19540K [0x00000006c1c00000, 0x00000006cbb00000, 0x000000076b400000)
  object space 162816K, 12% used [0x00000006c1c00000,0x00000006c2f153e8,0x00000006cbb00000)
 Metaspace       used 44371K, capacity 46674K, committed 46848K, reserved 1089536K
  class space    used 5875K, capacity 6301K, committed 6400K, reserved 1048576K
}

Deoptimization events (10 events):
Event: 81.414 Thread 0x000000001fa99800 Uncommon trap: reason=unstable_if action=reinterpret pc=0x0000000003436894 method=java.net.URI$Parser.scan(IILjava/lang/String;Ljava/lang/String;)I @ 23
Event: 81.453 Thread 0x000000001fa99800 Uncommon trap: reason=unstable_if action=reinterpret pc=0x00000000038972b0 method=java.io.BufferedReader.readLine(Z)Ljava/lang/String; @ 192
Event: 81.905 Thread 0x000000001fa96800 Uncommon trap: reason=unstable_if action=reinterpret pc=0x0000000003d85c84 method=java.util.regex.Pattern$Slice.match(Ljava/util/regex/Matcher;ILjava/lang/CharSequence;)Z @ 29
Event: 81.922 Thread 0x000000001fa96800 Uncommon trap: reason=unstable_if action=reinterpret pc=0x0000000003b2e988 method=org.springframework.core.annotation.AnnotationsScanner.processClassHierarchy(Ljava/lang/Object;[ILjava/lang/Class;Lorg/springframework/core/annotation/AnnotationsProcessor;Z
Event: 81.927 Thread 0x000000001fa96800 Uncommon trap: reason=unstable_if action=reinterpret pc=0x000000000377aa08 method=java.util.stream.AbstractPipeline.sourceSpliterator(I)Ljava/util/Spliterator; @ 82
Event: 81.966 Thread 0x000000001fa96800 Uncommon trap: reason=unstable_if action=reinterpret pc=0x0000000003204298 method=org.springframework.core.annotation.TypeMappedAnnotations$AggregatesSpliterator.getNextSuitableMapping(Lorg/springframework/core/annotation/TypeMappedAnnotations$Aggregate;I
Event: 81.968 Thread 0x000000001fa96800 Uncommon trap: reason=class_check action=maybe_recompile pc=0x00000000030e8424 method=org.springframework.core.annotation.TypeMappedAnnotations$AggregatesCollector.addAggregateAnnotations(Ljava/util/List;[Ljava/lang/annotation/Annotation;)V @ 53
Event: 81.983 Thread 0x000000001fa96800 Uncommon trap: reason=unstable_if action=reinterpret pc=0x0000000003263420 method=java.lang.String$CaseInsensitiveComparator.compare(Ljava/lang/String;Ljava/lang/String;)I @ 49
Event: 81.999 Thread 0x000000001fa96800 Uncommon trap: reason=class_check action=maybe_recompile pc=0x00000000030e8424 method=org.springframework.core.annotation.TypeMappedAnnotations$AggregatesCollector.addAggregateAnnotations(Ljava/util/List;[Ljava/lang/annotation/Annotation;)V @ 53
Event: 82.039 Thread 0x000000001fa96800 Uncommon trap: reason=unstable_if action=reinterpret pc=0x000000000376bf64 method=java.util.IdentityHashMap.maskNull(Ljava/lang/Object;)Ljava/lang/Object; @ 1

Classes redefined (0 events):
No events

Internal exceptions (10 events):
Event: 4.343 Thread 0x000000002041b800 Exception <a 'java/lang/IncompatibleClassChangeError': Found class java.lang.Object, but interface was expected> (0x000000076f685848) thrown at [C:\re\workspace\8-2-build-windows-amd64-cygwin\jdk8u221\13320\hotspot\src\share\vm\interpreter\linkResolver.cp
Event: 4.382 Thread 0x000000002041b800 Exception <a 'java/lang/IncompatibleClassChangeError': Found class java.lang.Object, but interface was expected> (0x000000076fad99a0) thrown at [C:\re\workspace\8-2-build-windows-amd64-cygwin\jdk8u221\13320\hotspot\src\share\vm\interpreter\linkResolver.cp
Event: 4.388 Thread 0x000000002041b800 Exception <a 'java/lang/NoSuchMethodError': java.lang.Object.builder()Lreactor/netty/http/server/WebsocketServerSpec$Builder;> (0x000000076fd15078) thrown at [C:\re\workspace\8-2-build-windows-amd64-cygwin\jdk8u221\13320\hotspot\src\share\vm\interpreter\l
Event: 4.598 Thread 0x000000002041b800 Exception <a 'java/lang/UnsatisfiedLinkError': io.netty.channel.epoll.Native.offsetofEpollData()I> (0x0000000770a75c80) thrown at [C:\re\workspace\8-2-build-windows-amd64-cygwin\jdk8u221\13320\hotspot\src\share\vm\prims\nativeLookup.cpp, line 378]
Event: 4.598 Thread 0x000000002041b800 Exception <a 'java/lang/ExceptionInInitializerError'> (0x0000000770a76650) thrown at [C:\re\workspace\8-2-build-windows-amd64-cygwin\jdk8u221\13320\hotspot\src\share\vm\oops\instanceKlass.cpp, line 964]
Event: 30.052 Thread 0x000000001fa99800 Exception <a 'java/lang/NoSuchMethodError': java.lang.Object.lambda$getRequiredAttribute$0(Ljava/lang/String;)Ljava/lang/String;> (0x0000000772aa4088) thrown at [C:\re\workspace\8-2-build-windows-amd64-cygwin\jdk8u221\13320\hotspot\src\share\vm\interprete
Event: 30.057 Thread 0x000000001fa99800 Exception <a 'java/lang/NoSuchMethodError': java.lang.Object.from(Ljava/lang/Object;)Lreactor/core/Scannable;> (0x0000000772b4fd80) thrown at [C:\re\workspace\8-2-build-windows-amd64-cygwin\jdk8u221\13320\hotspot\src\share\vm\interpreter\linkResolver.cpp,
Event: 30.105 Thread 0x000000001fa99800 Exception <a 'java/lang/NoSuchMethodError': java.lang.Object.lambda$andThen$0(Ljava/util/function/Consumer;Ljava/lang/Object;)V> (0x00000007730798d8) thrown at [C:\re\workspace\8-2-build-windows-amd64-cygwin\jdk8u221\13320\hotspot\src\share\vm\interpreter
Event: 81.461 Thread 0x000000001fa99800 Exception <a 'java/lang/IncompatibleClassChangeError': Found class java.lang.Object, but interface was expected> (0x000000076d8ea898) thrown at [C:\re\workspace\8-2-build-windows-amd64-cygwin\jdk8u221\13320\hotspot\src\share\vm\interpreter\linkResolver.cp
Event: 82.039 Thread 0x000000001fa96800 Implicit null exception at 0x000000000376bdd2 to 0x000000000376bf51

Events (10 events):
Event: 82.037 loading class com/fasterxml/jackson/databind/ser/BasicSerializerFactory$1 done
Event: 82.039 Thread 0x000000001fa96800 Uncommon trap: trap_request=0xffffff65 fr.pc=0x000000000376bf64
Event: 82.039 Thread 0x000000001fa96800 DEOPT PACKING pc=0x000000000376bf64 sp=0x000000000136bf70
Event: 82.039 Thread 0x000000001fa96800 DEOPT UNPACKING pc=0x0000000002fe583b sp=0x000000000136bea8 mode 2
Event: 82.042 loading class io/swagger/v3/core/jackson/ApiResponsesSerializer
Event: 82.042 loading class io/swagger/v3/core/jackson/ApiResponsesSerializer done
Event: 82.043 loading class io/swagger/v3/core/jackson/CallbackSerializer
Event: 82.043 loading class io/swagger/v3/core/jackson/CallbackSerializer done
Event: 82.048 loading class io/swagger/v3/oas/models/media/Discriminator
Event: 82.048 loading class io/swagger/v3/oas/models/media/Discriminator done


Dynamic libraries:
0x00007ff6d0f40000 - 0x00007ff6d0f77000 	C:\Program Files\Java\jdk1.8.0_221\bin\javaw.exe
0x00007ffe1c710000 - 0x00007ffe1c905000 	C:\WINDOWS\SYSTEM32\ntdll.dll
0x00007ffe1afd0000 - 0x00007ffe1b08d000 	C:\WINDOWS\System32\KERNEL32.DLL
0x00007ffe1a1f0000 - 0x00007ffe1a4b8000 	C:\WINDOWS\System32\KERNELBASE.dll
0x00007ffe1ad80000 - 0x00007ffe1ae2c000 	C:\WINDOWS\System32\ADVAPI32.dll
0x00007ffe1af20000 - 0x00007ffe1afbe000 	C:\WINDOWS\System32\msvcrt.dll
0x00007ffe1b960000 - 0x00007ffe1b9fb000 	C:\WINDOWS\System32\sechost.dll
0x00007ffe1bc00000 - 0x00007ffe1bd2b000 	C:\WINDOWS\System32\RPCRT4.dll
0x00007ffe1c480000 - 0x00007ffe1c620000 	C:\WINDOWS\System32\USER32.dll
0x00007ffe1a1c0000 - 0x00007ffe1a1e2000 	C:\WINDOWS\System32\win32u.dll
0x00007ffe1acc0000 - 0x00007ffe1acea000 	C:\WINDOWS\System32\GDI32.dll
0x00007ffe19e50000 - 0x00007ffe19f5b000 	C:\WINDOWS\System32\gdi32full.dll
0x00007ffe1a4c0000 - 0x00007ffe1a55d000 	C:\WINDOWS\System32\msvcp_win.dll
0x00007ffe1a610000 - 0x00007ffe1a710000 	C:\WINDOWS\System32\ucrtbase.dll
0x00007ffe02f70000 - 0x00007ffe0320a000 	C:\WINDOWS\WinSxS\amd64_microsoft.windows.common-controls_6595b64144ccf1df_6.0.19041.844_none_ca00b6081b84eb1d\COMCTL32.dll
0x00007ffe1acf0000 - 0x00007ffe1ad20000 	C:\WINDOWS\System32\IMM32.DLL
0x0000000075900000 - 0x00000000759d2000 	C:\Program Files\Java\jdk1.8.0_221\jre\bin\msvcr100.dll
0x0000000075050000 - 0x00000000758f5000 	C:\Program Files\Java\jdk1.8.0_221\jre\bin\server\jvm.dll
0x00007ffe1b0a0000 - 0x00007ffe1b0a8000 	C:\WINDOWS\System32\PSAPI.DLL
0x00007ffe0f4c0000 - 0x00007ffe0f4c9000 	C:\WINDOWS\SYSTEM32\WSOCK32.dll
0x00007ffe0c670000 - 0x00007ffe0c67a000 	C:\WINDOWS\SYSTEM32\VERSION.dll
0x00007ffe03dd0000 - 0x00007ffe03df7000 	C:\WINDOWS\SYSTEM32\WINMM.dll
0x00007ffe1aeb0000 - 0x00007ffe1af1b000 	C:\WINDOWS\System32\WS2_32.dll
0x00007ffe17750000 - 0x00007ffe1775f000 	C:\Program Files\Java\jdk1.8.0_221\jre\bin\verify.dll
0x00007ffe0d430000 - 0x00007ffe0d459000 	C:\Program Files\Java\jdk1.8.0_221\jre\bin\java.dll
0x00007ffe15140000 - 0x00007ffe15156000 	C:\Program Files\Java\jdk1.8.0_221\jre\bin\zip.dll
0x00007ffe1bd30000 - 0x00007ffe1c472000 	C:\WINDOWS\System32\SHELL32.dll
0x00007ffe17f40000 - 0x00007ffe186d0000 	C:\WINDOWS\SYSTEM32\windows.storage.dll
0x00007ffe1b330000 - 0x00007ffe1b685000 	C:\WINDOWS\System32\combase.dll
0x00007ffe19720000 - 0x00007ffe1974c000 	C:\WINDOWS\SYSTEM32\Wldp.dll
0x00007ffe1b8b0000 - 0x00007ffe1b95e000 	C:\WINDOWS\System32\SHCORE.dll
0x00007ffe1ad20000 - 0x00007ffe1ad75000 	C:\WINDOWS\System32\shlwapi.dll
0x00007ffe19d90000 - 0x00007ffe19daf000 	C:\WINDOWS\SYSTEM32\profapi.dll
0x00007ffe17740000 - 0x00007ffe1774d000 	C:\Program Files\Java\jdk1.8.0_221\jre\bin\management.dll
0x00007ffe05650000 - 0x00007ffe0566a000 	C:\Program Files\Java\jdk1.8.0_221\jre\bin\net.dll
0x00007ffe0d1f0000 - 0x00007ffe0d3de000 	C:\WINDOWS\SYSTEM32\urlmon.dll
0x00007ffe0f140000 - 0x00007ffe0f3f0000 	C:\WINDOWS\SYSTEM32\iertutil.dll
0x00007ffe19500000 - 0x00007ffe1956a000 	C:\WINDOWS\system32\mswsock.dll
0x00007ffdfb9e0000 - 0x00007ffdfb9f7000 	C:\WINDOWS\system32\napinsp.dll
0x00007ffdfa100000 - 0x00007ffdfa11b000 	C:\WINDOWS\system32\pnrpnsp.dll
0x00007ffe123c0000 - 0x00007ffe123d5000 	C:\WINDOWS\system32\wshbth.dll
0x00007ffe15670000 - 0x00007ffe1568d000 	C:\WINDOWS\system32\NLAapi.dll
0x00007ffe19210000 - 0x00007ffe1924b000 	C:\WINDOWS\SYSTEM32\IPHLPAPI.DLL
0x00007ffe19250000 - 0x00007ffe1931c000 	C:\WINDOWS\SYSTEM32\DNSAPI.dll
0x00007ffe1b090000 - 0x00007ffe1b098000 	C:\WINDOWS\System32\NSI.dll
0x00007ffdf5f20000 - 0x00007ffdf5f32000 	C:\WINDOWS\System32\winrnr.dll
0x00007ffe0e6f0000 - 0x00007ffe0e6fa000 	C:\Windows\System32\rasadhlp.dll
0x00007ffe0db80000 - 0x00007ffe0dbff000 	C:\WINDOWS\System32\fwpuclnt.dll
0x00007ffe1a0c0000 - 0x00007ffe1a0e7000 	C:\WINDOWS\System32\bcrypt.dll
0x00007ffe05630000 - 0x00007ffe05642000 	C:\Program Files\Java\jdk1.8.0_221\jre\bin\nio.dll
0x00007ffe198b0000 - 0x00007ffe198c8000 	C:\WINDOWS\SYSTEM32\CRYPTSP.dll
0x00007ffe18ec0000 - 0x00007ffe18ef4000 	C:\WINDOWS\system32\rsaenh.dll
0x00007ffe19cc0000 - 0x00007ffe19cee000 	C:\WINDOWS\SYSTEM32\USERENV.dll
0x00007ffe1a140000 - 0x00007ffe1a1c0000 	C:\WINDOWS\System32\bcryptprimitives.dll
0x00007ffe19680000 - 0x00007ffe1968c000 	C:\WINDOWS\SYSTEM32\CRYPTBASE.dll
0x00007ffe11db0000 - 0x00007ffe11dc7000 	C:\WINDOWS\SYSTEM32\dhcpcsvc6.DLL
0x00007ffe11c90000 - 0x00007ffe11cad000 	C:\WINDOWS\SYSTEM32\dhcpcsvc.DLL
0x00007ffe05600000 - 0x00007ffe05624000 	C:\Program Files\Java\jdk1.8.0_221\jre\bin\sunec.dll
0x00007ffe16a90000 - 0x00007ffe16a9b000 	C:\Program Files\Java\jdk1.8.0_221\jre\bin\sunmscapi.dll
0x00007ffe19f60000 - 0x00007ffe1a0bf000 	C:\WINDOWS\System32\CRYPT32.dll

VM Arguments:
jvm_args: -Dfile.encoding=UTF-8 
java_command: dws.reactive.test.DWSReactiTestApp
java_class_path (initial): C:\workspace-interview-dws\dws-reactive-test\target\classes;C:\Users\175 MX\.m2\repository\org\springframework\boot\spring-boot-devtools\2.4.4\spring-boot-devtools-2.4.4.jar;C:\Users\175 MX\.m2\repository\org\springframework\boot\spring-boot\2.4.4\spring-boot-2.4.4.jar;C:\Users\175 MX\.m2\repository\org\springframework\spring-context\5.3.5\spring-context-5.3.5.jar;C:\Users\175 MX\.m2\repository\org\springframework\spring-expression\5.3.5\spring-expression-5.3.5.jar;C:\Users\175 MX\.m2\repository\org\springframework\boot\spring-boot-autoconfigure\2.4.4\spring-boot-autoconfigure-2.4.4.jar;C:\Users\175 MX\.m2\repository\org\springframework\boot\spring-boot-starter-validation\2.4.4\spring-boot-starter-validation-2.4.4.jar;C:\Users\175 MX\.m2\repository\org\springframework\boot\spring-boot-starter\2.4.4\spring-boot-starter-2.4.4.jar;C:\Users\175 MX\.m2\repository\org\springframework\boot\spring-boot-starter-logging\2.4.4\spring-boot-starter-logging-2.4.4.jar;C:\Users\175 MX\.m2\repository\ch\qos\logback\logback-classic\1.2.3\logback-classic-1.2.3.jar;C:\Users\175 MX\.m2\repository\ch\qos\logback\logback-core\1.2.3\logback-core-1.2.3.jar;C:\Users\175 MX\.m2\repository\org\apache\logging\log4j\log4j-to-slf4j\2.13.3\log4j-to-slf4j-2.13.3.jar;C:\Users\175 MX\.m2\repository\org\apache\logging\log4j\log4j-api\2.13.3\log4j-api-2.13.3.jar;C:\Users\175 MX\.m2\repository\org\slf4j\jul-to-slf4j\1.7.30\jul-to-slf4j-1.7.30.jar;C:\Users\175 MX\.m2\repository\jakarta\annotation\jakarta.annotation-api\1.3.5\jakarta.annotation-api-1.3.5.jar;C:\Users\175 MX\.m2\repository\org\yaml\snakeyaml\1.27\snakeyaml-1.27.jar;C:\Users\175 MX\.m2\repository\org\glassfish\jakarta.el\3.0.3\jakarta.el-3.0.3.jar;C:\Users\175 MX\.m2\repository\org\hibernate\validator\hibernate-validator\6.1.7.Final\hibernate-validator-6.1.7.Final.jar;C:\Users\175 MX\.m2\repository\jakarta\validation\jakarta.validation-api\2.0.2\jakarta.validation-api-2.0.2.jar;C:\Users\175 MX\.m2\repository\org
Launcher Type: SUN_STANDARD

Environment Variables:
JAVA_HOME=C:\Program Files\Java\jdk1.8.0_221
PATH=C:/eclipse//plugins/org.eclipse.justj.openjdk.hotspot.jre.full.win32.x86_64_15.0.2.v20210201-0955/jre/bin/server;C:/eclipse//plugins/org.eclipse.justj.openjdk.hotspot.jre.full.win32.x86_64_15.0.2.v20210201-0955/jre/bin;C:\Program Files (x86)\Common Files\Oracle\Java\javapath;C:\Program Files (x86)\Intel\iCLS Client\;C:\Program Files\Intel\iCLS Client\;C:\Windows\system32;C:\Windows;C:\Windows\System32\Wbem;C:\Windows\System32\WindowsPowerShell\v1.0\;C:\Program Files (x86)\NVIDIA Corporation\PhysX\Common;C:\Program Files\Intel\WiFi\bin\;C:\Program Files\Common Files\Intel\WirelessCommon\;C:\Program Files (x86)\Intel\Intel(R) Management Engine Components\DAL;C:\Program Files\Intel\Intel(R) Management Engine Components\DAL;C:\Program Files (x86)\Intel\Intel(R) Management Engine Components\IPT;C:\Program Files\Intel\Intel(R) Management Engine Components\IPT;C:\WINDOWS\system32;C:\WINDOWS;C:\WINDOWS\System32\Wbem;C:\WINDOWS\System32\WindowsPowerShell\v1.0\;C:\WINDOWS\System32\OpenSSH\;C:\Program Files\Java\jdk1.8.0_221\bin;C:\gradle\gradle-5.1.1\bin;C:\Users\175 MX\AppData\Local\Android\Sdk\platform-tools;C:\Program Files\Git\cmd;C:\Program Files\nodejs\;C:\Program Files\dotnet\;C:\Program Files\SourceGear\Common\DiffMerge\;C:\Program Files\NVIDIA Corporation\NVIDIA NvDLISR;C:\Users\175 MX\.windows-build-tools\python27\;C:\Users\175 MX\AppData\Local\Microsoft\WindowsApps;C:\Program Files\Intel\WiFi\bin\;C:\Program Files\Common Files\Intel\WirelessCommon\;C:\Users\175 MX\AppData\Local\Programs\Microsoft VS Code\bin;C:\Users\175 MX\AppData\Local\GitHubDesktop\bin;C:\Users\175 MX\AppData\Roaming\npm;C:\Program Files\heroku\bin;C:\Users\175 MX\AppData\Local\GitHubCLI\bin;C:\Users\175 MX\.dotnet\tools;C:\Users\175 MX\AppData\Local\Microsoft\WindowsApps;;C:\eclipse;
USERNAME=175 MX
OS=Windows_NT
PROCESSOR_IDENTIFIER=Intel64 Family 6 Model 158 Stepping 9, GenuineIntel



---------------  S Y S T E M  ---------------

OS: Windows 10.0 , 64 bit Build 19041 (10.0.19041.928)

CPU:total 8 (initial active 8) (4 cores per cpu, 2 threads per core) family 6 model 158 stepping 9, cmov, cx8, fxsr, mmx, sse, sse2, sse3, ssse3, sse4.1, sse4.2, popcnt, avx, avx2, aes, clmul, erms, 3dnowpref, lzcnt, ht, tsc, tscinvbit, bmi1, bmi2, adx

Memory: 4k page, physical 16659336k(1565616k free), swap 16659336k(5252k free)

vm_info: Java HotSpot(TM) 64-Bit Server VM (25.221-b11) for windows-amd64 JRE (1.8.0_221-b11), built on Jul  4 2019 04:39:29 by "java_re" with MS VC++ 10.0 (VS2010)

time: Tue Jun 01 23:16:32 2021
timezone: Hora oficial do Brasil
elapsed time: 82 seconds (0d 0h 1m 22s)

